<?xml version="1.0" encoding="UTF-8"?>
<!-- Generated by org.testng.reporters.JUnitXMLReporter -->
<testsuite hostname="NODE158" name="test1" tests="4" failures="0" timestamp="17 Oct 2016 05:45:35 GMT" time="0.053" errors="0">
  <testcase name="testcase1" time="0.005" classname="com.project.selenium.TestngAnnotation"/>
  <testcase name="testcase2" time="0.002" classname="com.project.selenium.TestngAnnotation"/>
  <testcase name="testcase1" time="0.001" classname="testng.vipul.jain.gspann.Test"/>
  <testcase name="testcase2" time="0.002" classname="testng.vipul.jain.gspann.Test"/>
</testsuite> <!-- test1 -->
